#
# There is insufficient memory for the Java Runtime Environment to continue.
# Native memory allocation (malloc) failed to allocate 214176 bytes for Chunk::new
# Possible reasons:
#   The system is out of physical RAM or swap space
#   The process is running with CompressedOops enabled, and the Java Heap may be blocking the growth of the native heap
# Possible solutions:
#   Reduce memory load on the system
#   Increase physical memory or swap space
#   Check if swap backing store is full
#   Decrease Java heap size (-Xmx/-Xms)
#   Decrease number of Java threads
#   Decrease Java thread stack sizes (-Xss)
#   Set larger code cache with -XX:ReservedCodeCacheSize=
#   JVM is running with Unscaled Compressed Oops mode in which the Java heap is
#     placed in the first 4GB address space. The Java Heap base address is the
#     maximum limit for the native heap growth. Please use -XX:HeapBaseMinAddress
#     to set the Java Heap base and to place the Java Heap above 4GB virtual address.
# This output file may be truncated or incomplete.
#
#  Out of Memory Error (./src/hotspot/share/memory/arena.cpp:195), pid=14056, tid=21400
#
# JRE version: OpenJDK Runtime Environment Zulu15.32+15-CA (15.0.3+3) (build 15.0.3+3)
# Java VM: OpenJDK 64-Bit Server VM Zulu15.32+15-CA (15.0.3+3, mixed mode, sharing, tiered, compressed oops, parallel gc, windows-amd64)
# No core dump will be written. Minidumps are not enabled by default on client versions of Windows
#

---------------  S U M M A R Y ------------

Command Line: --add-modules=ALL-SYSTEM --add-opens=java.base/java.util=ALL-UNNAMED --add-opens=java.base/java.lang=ALL-UNNAMED -Declipse.application=org.eclipse.jdt.ls.core.id1 -Dosgi.bundles.defaultStartLevel=4 -Declipse.product=org.eclipse.jdt.ls.core.product -Dfile.encoding=utf8 -DwatchParentProcess=false -XX:+UseParallelGC -XX:GCTimeRatio=4 -XX:AdaptiveSizePolicyWeight=90 -Dsun.zip.disableMemoryMapping=true -Xmx1G -Xms100m c:\Users\volne\.vscode\extensions\redhat.java-0.79.1\server\plugins\org.eclipse.equinox.launcher_1.6.100.v20201223-0822.jar -configuration c:\Users\volne\AppData\Roaming\Code\User\globalStorage\redhat.java\0.79.1\config_ss_win -data c:\Users\volne\AppData\Roaming\Code\User\workspaceStorage\c79b34d3e142bf38db3b426a5cff9f22\redhat.java\ss_ws

Host: Intel(R) Core(TM) i5-9300H CPU @ 2.40GHz, 8 cores, 7G,  Windows 10 , 64 bit Build 19041 (10.0.19041.928)
Time: Mon May 17 00:36:16 2021 Hora oficial do Brasil elapsed time: 4.800582 seconds (0d 0h 0m 4s)

---------------  T H R E A D  ---------------

Current thread (0x00000282258f8590):  JavaThread "C2 CompilerThread0" daemon [_thread_in_native, id=21400, stack(0x0000009c60100000,0x0000009c60200000)]


Current CompileTask:
C2:   4800 2374       4       java.util.Properties$LineReader::readLine (584 bytes)

Stack: [0x0000009c60100000,0x0000009c60200000]
Native frames: (J=compiled Java code, j=interpreted, Vv=VM code, C=native code)
V  [jvm.dll+0x5f79fa]
V  [jvm.dll+0x796ff9]
V  [jvm.dll+0x798753]
V  [jvm.dll+0x798da3]
V  [jvm.dll+0x1fc4f8]
V  [jvm.dll+0x996aa]
V  [jvm.dll+0x99d9c]
V  [jvm.dll+0x260f94]
V  [jvm.dll+0x51160a]
V  [jvm.dll+0x1da41a]
V  [jvm.dll+0x1d3ffb]
V  [jvm.dll+0x1d1467]
V  [jvm.dll+0x164597]
V  [jvm.dll+0x1e0454]
V  [jvm.dll+0x1de59b]
V  [jvm.dll+0x75bbbd]
V  [jvm.dll+0x754aba]
V  [jvm.dll+0x5f67a6]
C  [ucrtbase.dll+0x21bb2]
C  [KERNEL32.DLL+0x17034]
C  [ntdll.dll+0x52651]


---------------  P R O C E S S  ---------------

Threads class SMR info:
_java_thread_list=0x0000028226f37530, length=29, elements={
0x0000028209bdb7f0, 0x0000028209cbc360, 0x0000028209cbd260, 0x0000028223afd640,
0x0000028223afdf00, 0x00000282258f1090, 0x00000282258f8590, 0x000002822591b070,
0x000002822592ba50, 0x0000028225a18d10, 0x0000028225a42390, 0x000002822601f410,
0x0000028226019470, 0x000002822601a0e0, 0x000002822603c590, 0x0000028226042e90,
0x00000282260b7040, 0x00000282260bf290, 0x000002822600db40, 0x0000028225ff46a0,
0x00000282261ec910, 0x00000282261ecde0, 0x00000282261ec440, 0x00000282261edc50,
0x00000282261ed2b0, 0x00000282261eb100, 0x00000282261ed780, 0x00000282261eb5d0,
0x00000282261ee120
}

Java Threads: ( => current thread )
  0x0000028209bdb7f0 JavaThread "main" [_thread_blocked, id=2004, stack(0x0000009c5f900000,0x0000009c5fa00000)]
  0x0000028209cbc360 JavaThread "Reference Handler" daemon [_thread_blocked, id=19516, stack(0x0000009c5fc00000,0x0000009c5fd00000)]
  0x0000028209cbd260 JavaThread "Finalizer" daemon [_thread_blocked, id=9920, stack(0x0000009c5fd00000,0x0000009c5fe00000)]
  0x0000028223afd640 JavaThread "Signal Dispatcher" daemon [_thread_blocked, id=13728, stack(0x0000009c5fe00000,0x0000009c5ff00000)]
  0x0000028223afdf00 JavaThread "Attach Listener" daemon [_thread_blocked, id=16964, stack(0x0000009c5ff00000,0x0000009c60000000)]
  0x00000282258f1090 JavaThread "Service Thread" daemon [_thread_blocked, id=5668, stack(0x0000009c60000000,0x0000009c60100000)]
=>0x00000282258f8590 JavaThread "C2 CompilerThread0" daemon [_thread_in_native, id=21400, stack(0x0000009c60100000,0x0000009c60200000)]
  0x000002822591b070 JavaThread "C1 CompilerThread0" daemon [_thread_blocked, id=15688, stack(0x0000009c60200000,0x0000009c60300000)]
  0x000002822592ba50 JavaThread "Sweeper thread" daemon [_thread_blocked, id=14944, stack(0x0000009c60300000,0x0000009c60400000)]
  0x0000028225a18d10 JavaThread "Common-Cleaner" daemon [_thread_blocked, id=20588, stack(0x0000009c60400000,0x0000009c60500000)]
  0x0000028225a42390 JavaThread "Notification Thread" daemon [_thread_blocked, id=8896, stack(0x0000009c60500000,0x0000009c60600000)]
  0x000002822601f410 JavaThread "Equinox resolver thread - Equinox Container: 08be325f-3c23-4808-ad19-584f4256a9de" daemon [_thread_blocked, id=19400, stack(0x0000009c60700000,0x0000009c60800000)]
  0x0000028226019470 JavaThread "Equinox resolver thread - Equinox Container: 08be325f-3c23-4808-ad19-584f4256a9de" daemon [_thread_blocked, id=18924, stack(0x0000009c60800000,0x0000009c60900000)]
  0x000002822601a0e0 JavaThread "Equinox resolver thread - Equinox Container: 08be325f-3c23-4808-ad19-584f4256a9de" daemon [_thread_blocked, id=13588, stack(0x0000009c60900000,0x0000009c60a00000)]
  0x000002822603c590 JavaThread "Equinox resolver thread - Equinox Container: 08be325f-3c23-4808-ad19-584f4256a9de" daemon [_thread_blocked, id=2856, stack(0x0000009c60a00000,0x0000009c60b00000)]
  0x0000028226042e90 JavaThread "Equinox resolver thread - Equinox Container: 08be325f-3c23-4808-ad19-584f4256a9de" daemon [_thread_blocked, id=16736, stack(0x0000009c60b00000,0x0000009c60c00000)]
  0x00000282260b7040 JavaThread "Equinox resolver thread - Equinox Container: 08be325f-3c23-4808-ad19-584f4256a9de" daemon [_thread_blocked, id=18800, stack(0x0000009c60c00000,0x0000009c60d00000)]
  0x00000282260bf290 JavaThread "Active Thread: Equinox Container: 08be325f-3c23-4808-ad19-584f4256a9de" [_thread_blocked, id=20572, stack(0x0000009c60d00000,0x0000009c60e00000)]
  0x000002822600db40 JavaThread "Framework Event Dispatcher: Equinox Container: 08be325f-3c23-4808-ad19-584f4256a9de" daemon [_thread_blocked, id=5708, stack(0x0000009c61100000,0x0000009c61200000)]
  0x0000028225ff46a0 JavaThread "Start Level: Equinox Container: 08be325f-3c23-4808-ad19-584f4256a9de" daemon [_thread_blocked, id=15940, stack(0x0000009c61200000,0x0000009c61300000)]
  0x00000282261ec910 JavaThread "Refresh Thread: Equinox Container: 08be325f-3c23-4808-ad19-584f4256a9de" daemon [_thread_blocked, id=15472, stack(0x0000009c61300000,0x0000009c61400000)]
  0x00000282261ecde0 JavaThread "Equinox resolver thread - Equinox Container: 08be325f-3c23-4808-ad19-584f4256a9de" daemon [_thread_blocked, id=2876, stack(0x0000009c61400000,0x0000009c61500000)]
  0x00000282261ec440 JavaThread "Equinox resolver thread - Equinox Container: 08be325f-3c23-4808-ad19-584f4256a9de" daemon [_thread_blocked, id=14260, stack(0x0000009c61500000,0x0000009c61600000)]
  0x00000282261edc50 JavaThread "SCR Component Actor" daemon [_thread_blocked, id=7316, stack(0x0000009c61600000,0x0000009c61700000)]
  0x00000282261ed2b0 JavaThread "Timer-0" daemon [_thread_blocked, id=15488, stack(0x0000009c61700000,0x0000009c61800000)]
  0x00000282261eb100 JavaThread "Worker-JM" [_thread_blocked, id=18128, stack(0x0000009c61800000,0x0000009c61900000)]
  0x00000282261ed780 JavaThread "Worker-0" [_thread_blocked, id=4104, stack(0x0000009c61900000,0x0000009c61a00000)]
  0x00000282261eb5d0 JavaThread "Worker-1" [_thread_blocked, id=12696, stack(0x0000009c61a00000,0x0000009c61b00000)]
  0x00000282261ee120 JavaThread "Java indexing" daemon [_thread_blocked, id=548, stack(0x0000009c61f00000,0x0000009c62000000)]

Other Threads:
  0x0000028223ae4930 VMThread "VM Thread" [stack: 0x0000009c5fb00000,0x0000009c5fc00000] [id=17972]
  0x0000028225a43870 WatcherThread [stack: 0x0000009c60600000,0x0000009c60700000] [id=16660]
  0x0000028209bf4b00 GCTaskThread "GC Thread#0" [stack: 0x0000009c5fa00000,0x0000009c5fb00000] [id=17984]
  0x0000028225afb870 GCTaskThread "GC Thread#1" [stack: 0x0000009c60e00000,0x0000009c60f00000] [id=9552]
  0x0000028225afa880 GCTaskThread "GC Thread#2" [stack: 0x0000009c60f00000,0x0000009c61000000] [id=9756]
  0x0000028225afc200 GCTaskThread "GC Thread#3" [stack: 0x0000009c61000000,0x0000009c61100000] [id=16684]
  0x0000028226d65b60 GCTaskThread "GC Thread#4" [stack: 0x0000009c61b00000,0x0000009c61c00000] [id=16044]
  0x0000028226d64b70 GCTaskThread "GC Thread#5" [stack: 0x0000009c61c00000,0x0000009c61d00000] [id=15168]
  0x0000028226d641e0 GCTaskThread "GC Thread#6" [stack: 0x0000009c61d00000,0x0000009c61e00000] [id=21408]
  0x0000028226d631f0 GCTaskThread "GC Thread#7" [stack: 0x0000009c61e00000,0x0000009c61f00000] [id=15668]

Threads with active compile tasks:
C2 CompilerThread0     4913 2374       4       java.util.Properties$LineReader::readLine (584 bytes)

VM state: at safepoint (normal execution)

VM Mutex/Monitor currently owned by a thread:  ([mutex/lock_event])
[0x0000028209bd6340] Threads_lock - owner thread: 0x0000028223ae4930
[0x0000028209bd7500] Heap_lock - owner thread: 0x0000028225ff46a0

Heap address: 0x00000000c0000000, size: 1024 MB, Compressed Oops mode: 32-bit
CDS archive(s) mapped at: [0x0000000800000000-0x0000000800b50000-0x0000000800b50000), size 11862016, SharedBaseAddress: 0x0000000800000000, ArchiveRelocationMode: 0.
Compressed class space mapped at: 0x0000000800b50000-0x0000000840b50000, size: 1073741824
Narrow klass base: 0x0000000800000000, Narrow klass shift: 3, Narrow klass range: 0x100000000

GC Precious Log:
 CPUs: 8 total, 8 available
 Memory: 8034M
 Large Page Support: Disabled
 NUMA Support: Disabled
 Compressed Oops: Enabled (32-bit)
 Heap Min Capacity: 100M
 Heap Initial Capacity: 100M
 Heap Max Capacity: 1G
 Pre-touch: Disabled
 Parallel Workers: 8

Heap:
 PSYoungGen      total 26112K, used 512K [0x00000000eab00000, 0x00000000ec880000, 0x0000000100000000)
  eden space 25600K, 0% used [0x00000000eab00000,0x00000000eab00000,0x00000000ec400000)
  from space 512K, 100% used [0x00000000ec400000,0x00000000ec480000,0x00000000ec480000)
  to   space 2048K, 0% used [0x00000000ec680000,0x00000000ec680000,0x00000000ec880000)
 ParOldGen       total 68608K, used 7752K [0x00000000c0000000, 0x00000000c4300000, 0x00000000eab00000)
  object space 68608K, 11% used [0x00000000c0000000,0x00000000c07921c0,0x00000000c4300000)
 Metaspace       used 20042K, capacity 21037K, committed 21120K, reserved 1085440K
  class space    used 1801K, capacity 2104K, committed 2176K, reserved 1048576K

Card table byte_map: [0x00000282095c0000,0x00000282097d0000] _byte_map_base: 0x0000028208fc0000

Marking Bits: (ParMarkBitMap*) 0x00007ffae4c78b30
 Begin Bits: [0x0000028221100000, 0x0000028222100000)
 End Bits:   [0x0000028222100000, 0x0000028223100000)

Polling page: 0x0000028207bc0000

Metaspace:

Usage:
  Non-class:     18.49 MB capacity,    17.81 MB ( 96%) used,   668.30 KB (  4%) free+waste,    24.38 KB ( <1%) overhead. 
      Class:      2.05 MB capacity,     1.76 MB ( 86%) used,   292.05 KB ( 14%) free+waste,    10.19 KB ( <1%) overhead. 
       Both:     20.54 MB capacity,    19.57 MB ( 95%) used,   960.35 KB (  5%) free+waste,    34.56 KB ( <1%) overhead. 

Virtual space:
  Non-class space:       36.00 MB reserved,      18.50 MB ( 51%) committed 
      Class space:        1.00 GB reserved,       2.13 MB ( <1%) committed 
             Both:        1.04 GB reserved,      20.63 MB (  2%) committed 

Chunk freelists:
   Non-Class:  11.00 KB
       Class:  8.00 KB
        Both:  19.00 KB

MaxMetaspaceSize: 17179869184.00 GB
CompressedClassSpaceSize: 1.00 GB

CodeHeap 'non-profiled nmethods': size=120000Kb used=762Kb max_used=762Kb free=119237Kb
 bounds [0x0000028219bd0000, 0x0000028219e40000, 0x0000028221100000]
CodeHeap 'profiled nmethods': size=120000Kb used=5103Kb max_used=5103Kb free=114896Kb
 bounds [0x00000282126a0000, 0x0000028212ba0000, 0x0000028219bd0000]
CodeHeap 'non-nmethods': size=5760Kb used=1228Kb max_used=1242Kb free=4531Kb
 bounds [0x0000028212100000, 0x0000028212370000, 0x00000282126a0000]
 total_blobs=2893 nmethods=2388 adapters=419
 compilation: enabled
              stopped_count=0, restarted_count=0
 full_count=0

Compilation events (20 events):
Event: 4.758 Thread 0x000002822591b070 nmethod 2368 0x0000028212b8b010 code [0x0000028212b8b1c0, 0x0000028212b8b2e8]
Event: 4.758 Thread 0x000002822591b070 2369       3       org.eclipse.core.internal.preferences.RootPreferences::getNode (162 bytes)
Event: 4.760 Thread 0x000002822591b070 nmethod 2369 0x0000028212b8b390 code [0x0000028212b8b700, 0x0000028212b8cda8]
Event: 4.760 Thread 0x000002822591b070 2370  s    3       org.eclipse.core.internal.preferences.RootPreferences::getChild (58 bytes)
Event: 4.761 Thread 0x000002822591b070 nmethod 2370 0x0000028212b8d590 code [0x0000028212b8d7e0, 0x0000028212b8e398]
Event: 4.765 Thread 0x000002822591b070 2372       3       java.lang.reflect.Field::copy (80 bytes)
Event: 4.766 Thread 0x000002822591b070 nmethod 2372 0x0000028212b8e690 code [0x0000028212b8e840, 0x0000028212b8eb78]
Event: 4.767 Thread 0x000002822591b070 2373       3       jdk.internal.reflect.UnsafeFieldAccessorImpl::<init> (56 bytes)
Event: 4.768 Thread 0x00000282258f8590 2374       4       java.util.Properties$LineReader::readLine (584 bytes)
Event: 4.768 Thread 0x000002822591b070 nmethod 2373 0x0000028212b8ec90 code [0x0000028212b8eec0, 0x0000028212b8f678]
Event: 4.769 Thread 0x000002822591b070 2377  s!   3       org.eclipse.osgi.util.NLS$MessagesProperties::put (168 bytes)
Event: 4.773 Thread 0x000002822591b070 nmethod 2377 0x0000028212b8f910 code [0x0000028212b8fd40, 0x0000028212b91b48]
Event: 4.773 Thread 0x000002822591b070 2378       3       java.lang.reflect.Field::set (30 bytes)
Event: 4.773 Thread 0x000002822591b070 nmethod 2378 0x0000028212b92590 code [0x0000028212b92780, 0x0000028212b92b38]
Event: 4.773 Thread 0x000002822591b070 2379       3       jdk.internal.reflect.UnsafeStaticObjectFieldAccessorImpl::set (54 bytes)
Event: 4.775 Thread 0x000002822591b070 nmethod 2379 0x0000028212b92c90 code [0x0000028212b92ec0, 0x0000028212b937a8]
Event: 4.775 Thread 0x000002822591b070 2380       3       jdk.internal.reflect.UnsafeFieldAccessorFactory::newFieldAccessor (638 bytes)
Event: 4.778 Thread 0x000002822591b070 nmethod 2380 0x0000028212b93a90 code [0x0000028212b94100, 0x0000028212b96bb8]
Event: 4.779 Thread 0x000002822591b070 2381       3       java.util.Properties::loadConvert (544 bytes)
Event: 4.781 Thread 0x000002822591b070 nmethod 2381 0x0000028212b97990 code [0x0000028212b97c80, 0x0000028212b99078]

GC Heap History (10 events):
Event: 2.066 GC heap before
{Heap before GC invocations=1 (full 0):
 PSYoungGen      total 29696K, used 25600K [0x00000000eab00000, 0x00000000ecc00000, 0x0000000100000000)
  eden space 25600K, 100% used [0x00000000eab00000,0x00000000ec400000,0x00000000ec400000)
  from space 4096K, 0% used [0x00000000ec800000,0x00000000ec800000,0x00000000ecc00000)
  to   space 4096K, 0% used [0x00000000ec400000,0x00000000ec400000,0x00000000ec800000)
 ParOldGen       total 68608K, used 0K [0x00000000c0000000, 0x00000000c4300000, 0x00000000eab00000)
  object space 68608K, 0% used [0x00000000c0000000,0x00000000c0000000,0x00000000c4300000)
 Metaspace       used 7039K, capacity 7327K, committed 7424K, reserved 1056768K
  class space    used 676K, capacity 721K, committed 768K, reserved 1048576K
}
Event: 2.072 GC heap after
{Heap after GC invocations=1 (full 0):
 PSYoungGen      total 29696K, used 3353K [0x00000000eab00000, 0x00000000ecc00000, 0x0000000100000000)
  eden space 25600K, 0% used [0x00000000eab00000,0x00000000eab00000,0x00000000ec400000)
  from space 4096K, 81% used [0x00000000ec400000,0x00000000ec7466d8,0x00000000ec800000)
  to   space 4096K, 0% used [0x00000000ec800000,0x00000000ec800000,0x00000000ecc00000)
 ParOldGen       total 68608K, used 16K [0x00000000c0000000, 0x00000000c4300000, 0x00000000eab00000)
  object space 68608K, 0% used [0x00000000c0000000,0x00000000c0004000,0x00000000c4300000)
 Metaspace       used 7039K, capacity 7327K, committed 7424K, reserved 1056768K
  class space    used 676K, capacity 721K, committed 768K, reserved 1048576K
}
Event: 3.497 GC heap before
{Heap before GC invocations=2 (full 0):
 PSYoungGen      total 29696K, used 28953K [0x00000000eab00000, 0x00000000ecc00000, 0x0000000100000000)
  eden space 25600K, 100% used [0x00000000eab00000,0x00000000ec400000,0x00000000ec400000)
  from space 4096K, 81% used [0x00000000ec400000,0x00000000ec7466d8,0x00000000ec800000)
  to   space 4096K, 0% used [0x00000000ec800000,0x00000000ec800000,0x00000000ecc00000)
 ParOldGen       total 68608K, used 16K [0x00000000c0000000, 0x00000000c4300000, 0x00000000eab00000)
  object space 68608K, 0% used [0x00000000c0000000,0x00000000c0004000,0x00000000c4300000)
 Metaspace       used 11098K, capacity 11534K, committed 11776K, reserved 1060864K
  class space    used 1082K, capacity 1201K, committed 1280K, reserved 1048576K
}
Event: 3.507 GC heap after
{Heap after GC invocations=2 (full 0):
 PSYoungGen      total 29696K, used 4069K [0x00000000eab00000, 0x00000000ecc00000, 0x0000000100000000)
  eden space 25600K, 0% used [0x00000000eab00000,0x00000000eab00000,0x00000000ec400000)
  from space 4096K, 99% used [0x00000000ec800000,0x00000000ecbf9768,0x00000000ecc00000)
  to   space 4096K, 0% used [0x00000000ec400000,0x00000000ec400000,0x00000000ec800000)
 ParOldGen       total 68608K, used 1940K [0x00000000c0000000, 0x00000000c4300000, 0x00000000eab00000)
  object space 68608K, 2% used [0x00000000c0000000,0x00000000c01e5060,0x00000000c4300000)
 Metaspace       used 11098K, capacity 11534K, committed 11776K, reserved 1060864K
  class space    used 1082K, capacity 1201K, committed 1280K, reserved 1048576K
}
Event: 4.698 GC heap before
{Heap before GC invocations=3 (full 0):
 PSYoungGen      total 29696K, used 29666K [0x00000000eab00000, 0x00000000ecc00000, 0x0000000100000000)
  eden space 25600K, 99% used [0x00000000eab00000,0x00000000ec3ff258,0x00000000ec400000)
  from space 4096K, 99% used [0x00000000ec800000,0x00000000ecbf9768,0x00000000ecc00000)
  to   space 4096K, 0% used [0x00000000ec400000,0x00000000ec400000,0x00000000ec800000)
 ParOldGen       total 68608K, used 1940K [0x00000000c0000000, 0x00000000c4300000, 0x00000000eab00000)
  object space 68608K, 2% used [0x00000000c0000000,0x00000000c01e5060,0x00000000c4300000)
 Metaspace       used 19705K, capacity 20693K, committed 20864K, reserved 1069056K
  class space    used 1770K, capacity 2096K, committed 2176K, reserved 1048576K
}
Event: 4.707 GC heap after
{Heap after GC invocations=3 (full 0):
 PSYoungGen      total 29696K, used 4093K [0x00000000eab00000, 0x00000000ecc00000, 0x0000000100000000)
  eden space 25600K, 0% used [0x00000000eab00000,0x00000000eab00000,0x00000000ec400000)
  from space 4096K, 99% used [0x00000000ec400000,0x00000000ec7ff7f0,0x00000000ec800000)
  to   space 4096K, 0% used [0x00000000ec800000,0x00000000ec800000,0x00000000ecc00000)
 ParOldGen       total 68608K, used 3865K [0x00000000c0000000, 0x00000000c4300000, 0x00000000eab00000)
  object space 68608K, 5% used [0x00000000c0000000,0x00000000c03c6428,0x00000000c4300000)
 Metaspace       used 19705K, capacity 20693K, committed 20864K, reserved 1069056K
  class space    used 1770K, capacity 2096K, committed 2176K, reserved 1048576K
}
Event: 4.712 GC heap before
{Heap before GC invocations=4 (full 0):
 PSYoungGen      total 29696K, used 7367K [0x00000000eab00000, 0x00000000ecc00000, 0x0000000100000000)
  eden space 25600K, 12% used [0x00000000eab00000,0x00000000eae327d8,0x00000000ec400000)
  from space 4096K, 99% used [0x00000000ec400000,0x00000000ec7ff7f0,0x00000000ec800000)
  to   space 4096K, 0% used [0x00000000ec800000,0x00000000ec800000,0x00000000ecc00000)
 ParOldGen       total 68608K, used 3865K [0x00000000c0000000, 0x00000000c4300000, 0x00000000eab00000)
  object space 68608K, 5% used [0x00000000c0000000,0x00000000c03c6428,0x00000000c4300000)
 Metaspace       used 19726K, capacity 20757K, committed 20864K, reserved 1075200K
  class space    used 1771K, capacity 2096K, committed 2176K, reserved 1048576K
}
Event: 4.716 GC heap after
{Heap after GC invocations=4 (full 0):
 PSYoungGen      total 29696K, used 4094K [0x00000000eab00000, 0x00000000ecc00000, 0x0000000100000000)
  eden space 25600K, 0% used [0x00000000eab00000,0x00000000eab00000,0x00000000ec400000)
  from space 4096K, 99% used [0x00000000ec800000,0x00000000ecbff918,0x00000000ecc00000)
  to   space 4096K, 0% used [0x00000000ec400000,0x00000000ec400000,0x00000000ec800000)
 ParOldGen       total 68608K, used 3929K [0x00000000c0000000, 0x00000000c4300000, 0x00000000eab00000)
  object space 68608K, 5% used [0x00000000c0000000,0x00000000c03d6448,0x00000000c4300000)
 Metaspace       used 19726K, capacity 20757K, committed 20864K, reserved 1075200K
  class space    used 1771K, capacity 2096K, committed 2176K, reserved 1048576K
}
Event: 4.716 GC heap before
{Heap before GC invocations=5 (full 1):
 PSYoungGen      total 29696K, used 4094K [0x00000000eab00000, 0x00000000ecc00000, 0x0000000100000000)
  eden space 25600K, 0% used [0x00000000eab00000,0x00000000eab00000,0x00000000ec400000)
  from space 4096K, 99% used [0x00000000ec800000,0x00000000ecbff918,0x00000000ecc00000)
  to   space 4096K, 0% used [0x00000000ec400000,0x00000000ec400000,0x00000000ec800000)
 ParOldGen       total 68608K, used 3929K [0x00000000c0000000, 0x00000000c4300000, 0x00000000eab00000)
  object space 68608K, 5% used [0x00000000c0000000,0x00000000c03d6448,0x00000000c4300000)
 Metaspace       used 19726K, capacity 20757K, committed 20864K, reserved 1075200K
  class space    used 1771K, capacity 2096K, committed 2176K, reserved 1048576K
}
Event: 4.756 GC heap after
{Heap after GC invocations=5 (full 1):
 PSYoungGen      total 29696K, used 0K [0x00000000eab00000, 0x00000000ecc00000, 0x0000000100000000)
  eden space 25600K, 0% used [0x00000000eab00000,0x00000000eab00000,0x00000000ec400000)
  from space 4096K, 0% used [0x00000000ec800000,0x00000000ec800000,0x00000000ecc00000)
  to   space 4096K, 0% used [0x00000000ec400000,0x00000000ec400000,0x00000000ec800000)
 ParOldGen       total 68608K, used 7744K [0x00000000c0000000, 0x00000000c4300000, 0x00000000eab00000)
  object space 68608K, 11% used [0x00000000c0000000,0x00000000c07901c0,0x00000000c4300000)
 Metaspace       used 19726K, capacity 20757K, committed 20864K, reserved 1075200K
  class space    used 1771K, capacity 2096K, committed 2176K, reserved 1048576K
}

Deoptimization events (20 events):
Event: 3.991 Thread 0x0000028225ff46a0 Uncommon trap: trap_request=0xffffff45 fr.pc=0x0000028219be6144 relative=0x0000000000000044
Event: 3.991 Thread 0x0000028225ff46a0 Uncommon trap: reason=unstable_if action=reinterpret pc=0x0000028219be6144 method=java.lang.CharacterData.of(I)Ljava/lang/CharacterData; @ 4 c2
Event: 3.991 Thread 0x0000028225ff46a0 DEOPT PACKING pc=0x0000028219be6144 sp=0x0000009c612f8370
Event: 3.991 Thread 0x0000028225ff46a0 DEOPT UNPACKING pc=0x000002821214e42f sp=0x0000009c612f8308 mode 2
Event: 4.059 Thread 0x0000028225ff46a0 DEOPT PACKING pc=0x0000028212a2fb56 sp=0x0000009c612f80c0
Event: 4.059 Thread 0x0000028225ff46a0 DEOPT UNPACKING pc=0x000002821214e23f sp=0x0000009c612f75b8 mode 0
Event: 4.097 Thread 0x0000028225ff46a0 DEOPT PACKING pc=0x0000028212a2fb56 sp=0x0000009c612f91d0
Event: 4.097 Thread 0x0000028225ff46a0 DEOPT UNPACKING pc=0x000002821214e23f sp=0x0000009c612f86c8 mode 0
Event: 4.099 Thread 0x0000028225ff46a0 DEOPT PACKING pc=0x0000028212a2fb56 sp=0x0000009c612f91d0
Event: 4.099 Thread 0x0000028225ff46a0 DEOPT UNPACKING pc=0x000002821214e23f sp=0x0000009c612f86c8 mode 0
Event: 4.768 Thread 0x0000028225ff46a0 DEOPT PACKING pc=0x0000028212a2fb56 sp=0x0000009c612f8080
Event: 4.768 Thread 0x0000028225ff46a0 DEOPT UNPACKING pc=0x000002821214e23f sp=0x0000009c612f7578 mode 0
Event: 4.770 Thread 0x0000028225ff46a0 DEOPT PACKING pc=0x0000028212a2fb56 sp=0x0000009c612f8080
Event: 4.770 Thread 0x0000028225ff46a0 DEOPT UNPACKING pc=0x000002821214e23f sp=0x0000009c612f7578 mode 0
Event: 4.778 Thread 0x0000028225ff46a0 DEOPT PACKING pc=0x0000028212a2fb56 sp=0x0000009c612f8080
Event: 4.778 Thread 0x0000028225ff46a0 DEOPT UNPACKING pc=0x000002821214e23f sp=0x0000009c612f7578 mode 0
Event: 4.778 Thread 0x0000028225ff46a0 Uncommon trap: trap_request=0xffffff45 fr.pc=0x0000028219c722e4 relative=0x0000000000000f44
Event: 4.778 Thread 0x0000028225ff46a0 Uncommon trap: reason=unstable_if action=reinterpret pc=0x0000028219c722e4 method=java.util.Properties.loadConvert([CIILjava/lang/StringBuilder;)Ljava/lang/String; @ 467 c2
Event: 4.778 Thread 0x0000028225ff46a0 DEOPT PACKING pc=0x0000028219c722e4 sp=0x0000009c612f80b0
Event: 4.778 Thread 0x0000028225ff46a0 DEOPT UNPACKING pc=0x000002821214e42f sp=0x0000009c612f8090 mode 2

Classes unloaded (0 events):
No events

Classes redefined (0 events):
No events

Internal exceptions (20 events):
Event: 1.415 Thread 0x0000028209bdb7f0 Exception <a 'java/lang/NoSuchMethodError'{0x00000000eb8f0cf8}: 'java.lang.Object java.lang.invoke.DirectMethodHandle$Holder.invokeInterface(java.lang.Object, java.lang.Object)'> (0x00000000eb8f0cf8) 
thrown [./src/hotspot/share/interpreter/linkResolver.cpp, line 782]
Event: 1.415 Thread 0x0000028209bdb7f0 Exception <a 'java/lang/IncompatibleClassChangeError'{0x00000000eb8f46f0}: Found class java.lang.Object, but interface was expected> (0x00000000eb8f46f0) 
thrown [./src/hotspot/share/interpreter/linkResolver.cpp, line 848]
Event: 1.417 Thread 0x0000028209bdb7f0 Exception <a 'java/lang/NoSuchMethodError'{0x00000000eb8fa570}: 'int java.lang.invoke.DirectMethodHandle$Holder.invokeStaticInit(java.lang.Object, java.lang.Object)'> (0x00000000eb8fa570) 
thrown [./src/hotspot/share/interpreter/linkResolver.cpp, line 782]
Event: 1.453 Thread 0x0000028209bdb7f0 Exception <a 'java/lang/NoSuchMethodError'{0x00000000eb948b28}: 'java.lang.Object java.lang.invoke.DirectMethodHandle$Holder.invokeStatic(java.lang.Object)'> (0x00000000eb948b28) 
thrown [./src/hotspot/share/interpreter/linkResolver.cpp, line 782]
Event: 1.469 Thread 0x0000028209bdb7f0 Exception <a 'java/lang/NoSuchMethodError'{0x00000000eb952bd8}: 'java.lang.Object java.lang.invoke.DirectMethodHandle$Holder.invokeStaticInit(java.lang.Object, int, int, int, int)'> (0x00000000eb952bd8) 
thrown [./src/hotspot/share/interpreter/linkResolver.cpp, line 782]
Event: 1.689 Thread 0x0000028209bdb7f0 Exception <a 'java/lang/NoSuchMethodError'{0x00000000eb9aeb10}: 'java.lang.Object java.lang.invoke.DirectMethodHandle$Holder.invokeStaticInit(java.lang.Object, java.lang.Object, int, int, int, int)'> (0x00000000eb9aeb10) 
thrown [./src/hotspot/share/interpreter/linkResolver.cpp, line 782]
Event: 2.042 Thread 0x0000028209bdb7f0 Exception <a 'java/lang/NoSuchMethodError'{0x00000000ec37cb00}: 'java.lang.Object java.lang.invoke.DirectMethodHandle$Holder.newInvokeSpecial(java.lang.Object, int, java.lang.Object)'> (0x00000000ec37cb00) 
thrown [./src/hotspot/share/interpreter/linkResolver.cpp, line 782]
Event: 2.786 Thread 0x0000028209bdb7f0 Exception <a 'java/lang/UnsatisfiedLinkError'{0x00000000eb6b1440}: 'void org.eclipse.equinox.launcher.JNIBridge._update_splash()'> (0x00000000eb6b1440) 
thrown [./src/hotspot/share/prims/nativeLookup.cpp, line 531]
Event: 3.052 Thread 0x0000028225ff46a0 Exception <a 'java/lang/NoSuchMethodError'{0x00000000ebee6420}: 'java.lang.Object java.lang.invoke.DirectMethodHandle$Holder.invokeStaticInit(java.lang.Object)'> (0x00000000ebee6420) 
thrown [./src/hotspot/share/interpreter/linkResolver.cpp, line 782]
Event: 3.342 Thread 0x0000028225ff46a0 Exception <a 'java/io/FileNotFoundException'{0x00000000ec1b2c08}> (0x00000000ec1b2c08) 
thrown [./src/hotspot/share/prims/jni.cpp, line 578]
Event: 4.019 Thread 0x0000028225ff46a0 Exception <a 'java/lang/NoSuchMethodError'{0x00000000eb1336a0}: 'void java.lang.invoke.DirectMethodHandle$Holder.invokeInterface(java.lang.Object, java.lang.Object, java.lang.Object)'> (0x00000000eb1336a0) 
thrown [./src/hotspot/share/interpreter/linkResolver.cpp, line 782]
Event: 4.116 Thread 0x0000028225ff46a0 Exception <a 'java/io/FileNotFoundException'{0x00000000eb2de9f0}> (0x00000000eb2de9f0) 
thrown [./src/hotspot/share/prims/jni.cpp, line 578]
Event: 4.120 Thread 0x0000028225ff46a0 Exception <a 'java/io/FileNotFoundException'{0x00000000eb2f00f8}> (0x00000000eb2f00f8) 
thrown [./src/hotspot/share/prims/jni.cpp, line 578]
Event: 4.227 Thread 0x0000028225ff46a0 Exception <a 'java/lang/IncompatibleClassChangeError'{0x00000000eb4983f8}: Found class java.lang.Object, but interface was expected> (0x00000000eb4983f8) 
thrown [./src/hotspot/share/interpreter/linkResolver.cpp, line 848]
Event: 4.359 Thread 0x0000028225ff46a0 Exception <a 'java/io/FileNotFoundException'{0x00000000eb735440}> (0x00000000eb735440) 
thrown [./src/hotspot/share/prims/jni.cpp, line 578]
Event: 4.360 Thread 0x0000028225ff46a0 Exception <a 'java/io/FileNotFoundException'{0x00000000eb7365b0}> (0x00000000eb7365b0) 
thrown [./src/hotspot/share/prims/jni.cpp, line 578]
Event: 4.360 Thread 0x0000028225ff46a0 Exception <a 'java/io/FileNotFoundException'{0x00000000eb7379f0}> (0x00000000eb7379f0) 
thrown [./src/hotspot/share/prims/jni.cpp, line 578]
Event: 4.510 Thread 0x0000028225ff46a0 Exception <a 'java/lang/NoSuchMethodError'{0x00000000ebad5c08}: 'int java.lang.invoke.DirectMethodHandle$Holder.invokeStaticInit(java.lang.Object, java.lang.Object, java.lang.Object)'> (0x00000000ebad5c08) 
thrown [./src/hotspot/share/interpreter/linkResolver.cpp, line 782]
Event: 4.659 Thread 0x0000028225ff46a0 Exception <a 'java/io/FileNotFoundException'{0x00000000ebe18598}> (0x00000000ebe18598) 
thrown [./src/hotspot/share/prims/jni.cpp, line 578]
Event: 4.758 Thread 0x0000028225ff46a0 Exception <a 'java/io/FileNotFoundException'{0x00000000eab40d30}> (0x00000000eab40d30) 
thrown [./src/hotspot/share/prims/jni.cpp, line 578]

Events (20 events):
Event: 4.301 loading class java/io/InterruptedIOException
Event: 4.301 loading class java/io/InterruptedIOException done
Event: 4.301 loading class java/net/SocketTimeoutException done
Event: 4.301 loading class java/net/SocketException
Event: 4.301 loading class java/net/SocketException done
Event: 4.301 loading class java/net/UnknownHostException
Event: 4.301 loading class java/net/UnknownHostException done
Event: 4.301 loading class java/net/ProtocolException
Event: 4.302 loading class java/net/ProtocolException done
Event: 4.324 Thread 0x00000282261eb5d0 Thread added: 0x00000282261eb5d0
Event: 4.352 loading class java/io/FileWriter
Event: 4.352 loading class java/io/FileWriter done
Event: 4.647 loading class java/nio/channels/ClosedChannelException
Event: 4.647 loading class java/nio/channels/ClosedChannelException done
Event: 4.687 loading class jdk/internal/math/FDBigInteger
Event: 4.687 loading class jdk/internal/math/FDBigInteger done
Event: 4.698 Executing VM operation: ParallelGCFailedAllocation
Event: 4.707 Executing VM operation: ParallelGCFailedAllocation done
Event: 4.711 Executing VM operation: CollectForMetadataAllocation
Event: 4.757 Executing VM operation: CollectForMetadataAllocation done


Dynamic libraries:
0x00007ff72b200000 - 0x00007ff72b20d000 	C:\Program Files\Zulu\zulu-15\bin\java.exe
0x00007ffb1d7d0000 - 0x00007ffb1d9c5000 	C:\WINDOWS\SYSTEM32\ntdll.dll
0x00007ffb1c7c0000 - 0x00007ffb1c87d000 	C:\WINDOWS\System32\KERNEL32.DLL
0x00007ffb1b170000 - 0x00007ffb1b438000 	C:\WINDOWS\System32\KERNELBASE.dll
0x00007ffb1b730000 - 0x00007ffb1b830000 	C:\WINDOWS\System32\ucrtbase.dll
0x00007ffb08ac0000 - 0x00007ffb08ad5000 	C:\Program Files\Zulu\zulu-15\bin\VCRUNTIME140.dll
0x00007ffb088f0000 - 0x00007ffb08908000 	C:\Program Files\Zulu\zulu-15\bin\jli.dll
0x00007ffb1ca70000 - 0x00007ffb1cc10000 	C:\WINDOWS\System32\USER32.dll
0x00007ffb1b620000 - 0x00007ffb1b642000 	C:\WINDOWS\System32\win32u.dll
0x00007ffb1d510000 - 0x00007ffb1d53a000 	C:\WINDOWS\System32\GDI32.dll
0x00007ffb1b060000 - 0x00007ffb1b16b000 	C:\WINDOWS\System32\gdi32full.dll
0x00007ffb1af70000 - 0x00007ffb1b00d000 	C:\WINDOWS\System32\msvcp_win.dll
0x00007ffb05860000 - 0x00007ffb05afa000 	C:\WINDOWS\WinSxS\amd64_microsoft.windows.common-controls_6595b64144ccf1df_6.0.19041.844_none_ca00b6081b84eb1d\COMCTL32.dll
0x00007ffb1d540000 - 0x00007ffb1d5de000 	C:\WINDOWS\System32\msvcrt.dll
0x00007ffb1c880000 - 0x00007ffb1c8b0000 	C:\WINDOWS\System32\IMM32.DLL
0x00007ffae4d50000 - 0x00007ffae4deb000 	C:\Program Files\Zulu\zulu-15\bin\msvcp140.dll
0x00007ffae41b0000 - 0x00007ffae4d41000 	C:\Program Files\Zulu\zulu-15\bin\server\jvm.dll
0x00007ffb1c200000 - 0x00007ffb1c2ac000 	C:\WINDOWS\System32\ADVAPI32.dll
0x00007ffb1c970000 - 0x00007ffb1ca0b000 	C:\WINDOWS\System32\sechost.dll
0x00007ffb1be00000 - 0x00007ffb1bf2b000 	C:\WINDOWS\System32\RPCRT4.dll
0x00007ffb1cce0000 - 0x00007ffb1cce8000 	C:\WINDOWS\System32\PSAPI.DLL
0x00007ffb07810000 - 0x00007ffb07819000 	C:\WINDOWS\SYSTEM32\WSOCK32.dll
0x00007ffb1cc70000 - 0x00007ffb1ccdb000 	C:\WINDOWS\System32\WS2_32.dll
0x00007ffb05190000 - 0x00007ffb051b7000 	C:\WINDOWS\SYSTEM32\WINMM.dll
0x00007ffb14670000 - 0x00007ffb1467a000 	C:\WINDOWS\SYSTEM32\VERSION.dll
0x00007ffb18d70000 - 0x00007ffb18d82000 	C:\WINDOWS\SYSTEM32\kernel.appcore.dll
0x00007ffb16960000 - 0x00007ffb1696a000 	C:\Program Files\Zulu\zulu-15\bin\jimage.dll
0x00007ffb09bd0000 - 0x00007ffb09db4000 	C:\WINDOWS\SYSTEM32\DBGHELP.DLL
0x00007ffb06a70000 - 0x00007ffb06a9c000 	C:\WINDOWS\SYSTEM32\dbgcore.DLL
0x00007ffb1b5a0000 - 0x00007ffb1b620000 	C:\WINDOWS\System32\bcryptPrimitives.dll
0x00007ffb04d80000 - 0x00007ffb04da5000 	C:\Program Files\Zulu\zulu-15\bin\java.dll
0x00007ffb1cdc0000 - 0x00007ffb1d502000 	C:\WINDOWS\System32\SHELL32.dll
0x00007ffb19050000 - 0x00007ffb197e1000 	C:\WINDOWS\SYSTEM32\windows.storage.dll
0x00007ffb1c2b0000 - 0x00007ffb1c605000 	C:\WINDOWS\System32\combase.dll
0x00007ffb1a980000 - 0x00007ffb1a9ac000 	C:\WINDOWS\SYSTEM32\Wldp.dll
0x00007ffb1bca0000 - 0x00007ffb1bd4e000 	C:\WINDOWS\System32\SHCORE.dll
0x00007ffb1bf90000 - 0x00007ffb1bfe5000 	C:\WINDOWS\System32\shlwapi.dll
0x00007ffb1ae50000 - 0x00007ffb1ae6f000 	C:\WINDOWS\SYSTEM32\profapi.dll
0x00007ffb04d60000 - 0x00007ffb04d79000 	C:\Program Files\Zulu\zulu-15\bin\net.dll
0x00007ffb0e2c0000 - 0x00007ffb0e3cb000 	C:\WINDOWS\SYSTEM32\WINHTTP.dll
0x00007ffb1a6f0000 - 0x00007ffb1a75a000 	C:\WINDOWS\system32\mswsock.dll
0x00007ffb04d40000 - 0x00007ffb04d52000 	C:\Program Files\Zulu\zulu-15\bin\nio.dll
0x00007ffb04d20000 - 0x00007ffb04d38000 	C:\Program Files\Zulu\zulu-15\bin\zip.dll
0x00007ffb1a8d0000 - 0x00007ffb1a8e8000 	C:\WINDOWS\SYSTEM32\CRYPTSP.dll
0x00007ffb1a020000 - 0x00007ffb1a054000 	C:\WINDOWS\system32\rsaenh.dll
0x00007ffb1b700000 - 0x00007ffb1b727000 	C:\WINDOWS\System32\bcrypt.dll
0x00007ffb1ae10000 - 0x00007ffb1ae3e000 	C:\WINDOWS\SYSTEM32\USERENV.dll
0x00007ffb1a8c0000 - 0x00007ffb1a8cc000 	C:\WINDOWS\SYSTEM32\CRYPTBASE.dll
0x00007ffb1a390000 - 0x00007ffb1a3cb000 	C:\WINDOWS\SYSTEM32\IPHLPAPI.DLL
0x00007ffb1c610000 - 0x00007ffb1c618000 	C:\WINDOWS\System32\NSI.dll
0x00007ffb146a0000 - 0x00007ffb146b7000 	C:\WINDOWS\SYSTEM32\dhcpcsvc6.DLL
0x00007ffb14680000 - 0x00007ffb1469d000 	C:\WINDOWS\SYSTEM32\dhcpcsvc.DLL
0x00007ffb1a3e0000 - 0x00007ffb1a4ac000 	C:\WINDOWS\SYSTEM32\DNSAPI.dll
0x00007ffb0a0b0000 - 0x00007ffb0a0d9000 	C:\Users\volne\AppData\Roaming\Code\User\globalStorage\redhat.java\0.79.1\config_ss_win\org.eclipse.equinox.launcher\org.eclipse.equinox.launcher.win32.win32.x86_64_1.2.200.v20210406-1409\eclipse_11401.dll

dbghelp: loaded successfully - version: 4.0.5 - missing functions: none
symbol engine: initialized successfully - sym options: 0x614 - pdb path: .;C:\Program Files\Zulu\zulu-15\bin;C:\WINDOWS\SYSTEM32;C:\WINDOWS\WinSxS\amd64_microsoft.windows.common-controls_6595b64144ccf1df_6.0.19041.844_none_ca00b6081b84eb1d;C:\Program Files\Zulu\zulu-15\bin\server;C:\Users\volne\AppData\Roaming\Code\User\globalStorage\redhat.java\0.79.1\config_ss_win\org.eclipse.equinox.launcher\org.eclipse.equinox.launcher.win32.win32.x86_64_1.2.200.v20210406-1409

VM Arguments:
jvm_args: --add-modules=ALL-SYSTEM --add-opens=java.base/java.util=ALL-UNNAMED --add-opens=java.base/java.lang=ALL-UNNAMED -Declipse.application=org.eclipse.jdt.ls.core.id1 -Dosgi.bundles.defaultStartLevel=4 -Declipse.product=org.eclipse.jdt.ls.core.product -Dfile.encoding=utf8 -DwatchParentProcess=false -XX:+UseParallelGC -XX:GCTimeRatio=4 -XX:AdaptiveSizePolicyWeight=90 -Dsun.zip.disableMemoryMapping=true -Xmx1G -Xms100m 
java_command: c:\Users\volne\.vscode\extensions\redhat.java-0.79.1\server\plugins\org.eclipse.equinox.launcher_1.6.100.v20201223-0822.jar -configuration c:\Users\volne\AppData\Roaming\Code\User\globalStorage\redhat.java\0.79.1\config_ss_win -data c:\Users\volne\AppData\Roaming\Code\User\workspaceStorage\c79b34d3e142bf38db3b426a5cff9f22\redhat.java\ss_ws
java_class_path (initial): c:\Users\volne\.vscode\extensions\redhat.java-0.79.1\server\plugins\org.eclipse.equinox.launcher_1.6.100.v20201223-0822.jar
Launcher Type: SUN_STANDARD

[Global flags]
    uintx AdaptiveSizePolicyWeight                 = 90                                        {product} {command line}
     intx CICompilerCount                          = 4                                         {product} {ergonomic}
    uintx GCTimeRatio                              = 4                                         {product} {command line}
   size_t InitialHeapSize                          = 104857600                                 {product} {command line}
   size_t MaxHeapSize                              = 1073741824                                {product} {command line}
   size_t MaxNewSize                               = 357564416                                 {product} {ergonomic}
   size_t MinHeapDeltaBytes                        = 524288                                    {product} {ergonomic}
   size_t MinHeapSize                              = 104857600                                 {product} {command line}
   size_t NewSize                                  = 34603008                                  {product} {ergonomic}
    uintx NonNMethodCodeHeapSize                   = 5839372                                {pd product} {ergonomic}
    uintx NonProfiledCodeHeapSize                  = 122909434                              {pd product} {ergonomic}
   size_t OldSize                                  = 70254592                                  {product} {ergonomic}
    uintx ProfiledCodeHeapSize                     = 122909434                              {pd product} {ergonomic}
    uintx ReservedCodeCacheSize                    = 251658240                              {pd product} {ergonomic}
     bool SegmentedCodeCache                       = true                                      {product} {ergonomic}
   size_t SoftMaxHeapSize                          = 1073741824                             {manageable} {ergonomic}
     bool UseCompressedClassPointers               = true                                 {lp64_product} {ergonomic}
     bool UseCompressedOops                        = true                                 {lp64_product} {ergonomic}
     bool UseLargePagesIndividualAllocation        = false                                  {pd product} {ergonomic}
     bool UseParallelGC                            = true                                      {product} {command line}

Logging:
Log output configuration:
 #0: stdout all=warning uptime,level,tags
 #1: stderr all=off uptime,level,tags

Environment Variables:
PATH=C:\Program Files\Zulu\zulu-15\bin\;C:\Program Files\Common Files\Oracle\Java\javapath;C:\Windows\system32;C:\Windows;C:\Windows\System32\Wbem;C:\Windows\System32\WindowsPowerShell\v1.0\;C:\Windows\System32\OpenSSH\;C:\Program Files (x86)\NVIDIA Corporation\PhysX\Common;C:\Program Files\NVIDIA Corporation\NVIDIA NvDLISR;C:\WINDOWS\system32;C:\WINDOWS;C:\WINDOWS\System32\Wbem;C:\WINDOWS\System32\WindowsPowerShell\v1.0\;C:\WINDOWS\System32\OpenSSH\;C:\ProgramData\UNIVALI\Portugol Studio;C:\Program Files\Git\cmd;C:\Program Files\PostgreSQL\13\bin;C:\Users\volne\AppData\Local\Microsoft\WindowsApps;C:\ProgramData\volne\GitHubDesktop\bin;C:\Users\volne\AppData\Local\GitHubDesktop\bin;C:\Users\volne\AppData\Local\Programs\Microsoft VS Code\bin
USERNAME=volne
OS=Windows_NT
PROCESSOR_IDENTIFIER=Intel64 Family 6 Model 158 Stepping 10, GenuineIntel



---------------  S Y S T E M  ---------------

OS:
 Windows 10 , 64 bit Build 19041 (10.0.19041.928)
OS uptime: 2 days 15:00 hours

CPU: total 8 (initial active 8) (4 cores per cpu, 2 threads per core) family 6 model 158 stepping 10 microcode 0xde, cmov, cx8, fxsr, mmx, sse, sse2, sse3, ssse3, sse4.1, sse4.2, popcnt, vzeroupper, avx, avx2, aes, clmul, erms, 3dnowpref, lzcnt, ht, tsc, tscinvbit, bmi1, bmi2, adx, fma, clflush, clflushopt

Memory: 4k page, system-wide physical 8034M (77M free)
TotalPageFile size 32610M (AvailPageFile size 4M)
current process WorkingSet (physical memory assigned to process): 113M, peak: 117M
current process commit charge ("private bytes"): 228M, peak: 231M

vm_info: OpenJDK 64-Bit Server VM (15.0.3+3) for windows-amd64 JRE (15.0.3+3) (Zulu15.32+15-CA), built on Apr  8 2021 05:09:25 by "zulu_re" with MS VC++ 15.9 (VS2017)

END.
